C:\MARTIN\UNI\ÜBERSETZERBAU2\SL-COMPILER\SL_COMPILER\LOADER\DEBUG\LOADER.PCH
C:\MARTIN\UNI\ÜBERSETZERBAU2\SL-COMPILER\SL_COMPILER\LOADER\DEBUG\STDAFX.OBJ
C:\MARTIN\UNI\ÜBERSETZERBAU2\SL-COMPILER\SL_COMPILER\LOADER\DEBUG\VC110.PDB
C:\MARTIN\UNI\ÜBERSETZERBAU2\SL-COMPILER\SL_COMPILER\LOADER\DEBUG\LOADER.OBJ
C:\MARTIN\UNI\ÜBERSETZERBAU2\SL-COMPILER\SL_COMPILER\DEBUG\LOADER.ILK
C:\MARTIN\UNI\ÜBERSETZERBAU2\SL-COMPILER\SL_COMPILER\DEBUG\LOADER.EXE
C:\MARTIN\UNI\ÜBERSETZERBAU2\SL-COMPILER\SL_COMPILER\DEBUG\LOADER.PDB
C:\Martin\Uni\Übersetzerbau2\SL-Compiler\SL_Compiler\Loader\Debug\Loader.obj
C:\Martin\Uni\Übersetzerbau2\SL-Compiler\SL_Compiler\Loader\Debug\stdafx.obj
C:\Martin\Uni\Übersetzerbau2\SL-Compiler\SL_Compiler\Loader\Debug\cl.command.1.tlog
C:\Martin\Uni\Übersetzerbau2\SL-Compiler\SL_Compiler\Loader\Debug\CL.read.1.tlog
C:\Martin\Uni\Übersetzerbau2\SL-Compiler\SL_Compiler\Loader\Debug\CL.write.1.tlog
C:\Martin\Uni\Übersetzerbau2\SL-Compiler\SL_Compiler\Loader\Debug\link-cvtres.read.1.tlog
C:\Martin\Uni\Übersetzerbau2\SL-Compiler\SL_Compiler\Loader\Debug\link-cvtres.write.1.tlog
C:\Martin\Uni\Übersetzerbau2\SL-Compiler\SL_Compiler\Loader\Debug\link-rc.read.1.tlog
C:\Martin\Uni\Übersetzerbau2\SL-Compiler\SL_Compiler\Loader\Debug\link-rc.write.1.tlog
C:\Martin\Uni\Übersetzerbau2\SL-Compiler\SL_Compiler\Loader\Debug\link.command.1.tlog
C:\Martin\Uni\Übersetzerbau2\SL-Compiler\SL_Compiler\Loader\Debug\link.read.1.tlog
C:\Martin\Uni\Übersetzerbau2\SL-Compiler\SL_Compiler\Loader\Debug\link.write.1.tlog
C:\Martin\Uni\Übersetzerbau2\SL-Compiler\SL_Compiler\Loader\Debug\Loader.pch
C:\Martin\Uni\Übersetzerbau2\SL-Compiler\SL_Compiler\Loader\Debug\vc110.idb
C:\Martin\Uni\Übersetzerbau2\SL-Compiler\SL_Compiler\Loader\Debug\vc110.pdb
C:\Martin\Uni\Übersetzerbau2\SL-Compiler\SL_Compiler\Debug\Loader.pdb
C:\Martin\Uni\Übersetzerbau2\SL-Compiler\SL_Compiler\Debug\Loader.exe
C:\Martin\Uni\Übersetzerbau2\SL-Compiler\SL_Compiler\Debug\Loader.ilk
